\BOOKMARK [0][-]{chapter.1}{\376\377\0001\000\040\000R\000E\000A\000D\000M\000E}{}% 1
\BOOKMARK [1][-]{subsection.1.0.1}{\376\377\0001\000.\0000\000.\0001\000\040\000P\000r\000o\000s\000t\001\131\000e\000d\000\355}{chapter.1}% 2
\BOOKMARK [2][-]{subsection.1.0.2}{\376\377\0001\000.\0000\000.\0002\000\040\000L\000i\000c\000e\000n\000c\000e}{subsection.1.0.1}% 3
\BOOKMARK [2][-]{subsection.1.0.3}{\376\377\0001\000.\0000\000.\0003\000\040\000A\000u\000t\000o\001\131\000i}{subsection.1.0.1}% 4
\BOOKMARK [0][-]{chapter.2}{\376\377\0002\000\040\000N\000a\000m\000e\000s\000p\000a\000c\000e\000\040\000I\000n\000d\000e\000x}{}% 5
\BOOKMARK [1][-]{section.2.1}{\376\377\0002\000.\0001\000\040\000P\000a\000c\000k\000a\000g\000e\000\040\000L\000i\000s\000t}{chapter.2}% 6
\BOOKMARK [0][-]{chapter.3}{\376\377\0003\000\040\000H\000i\000e\000r\000a\000r\000c\000h\000i\000c\000a\000l\000\040\000I\000n\000d\000e\000x}{}% 7
\BOOKMARK [1][-]{section.3.1}{\376\377\0003\000.\0001\000\040\000C\000l\000a\000s\000s\000\040\000H\000i\000e\000r\000a\000r\000c\000h\000y}{chapter.3}% 8
\BOOKMARK [0][-]{chapter.4}{\376\377\0004\000\040\000C\000l\000a\000s\000s\000\040\000I\000n\000d\000e\000x}{}% 9
\BOOKMARK [1][-]{section.4.1}{\376\377\0004\000.\0001\000\040\000C\000l\000a\000s\000s\000\040\000L\000i\000s\000t}{chapter.4}% 10
\BOOKMARK [0][-]{chapter.5}{\376\377\0005\000\040\000F\000i\000l\000e\000\040\000I\000n\000d\000e\000x}{}% 11
\BOOKMARK [1][-]{section.5.1}{\376\377\0005\000.\0001\000\040\000F\000i\000l\000e\000\040\000L\000i\000s\000t}{chapter.5}% 12
\BOOKMARK [0][-]{chapter.6}{\376\377\0006\000\040\000N\000a\000m\000e\000s\000p\000a\000c\000e\000\040\000D\000o\000c\000u\000m\000e\000n\000t\000a\000t\000i\000o\000n}{}% 13
\BOOKMARK [1][-]{section.6.1}{\376\377\0006\000.\0001\000\040\000I\000V\000S\000\137\000p\000r\000o\000j\0002\000\040\000N\000a\000m\000e\000s\000p\000a\000c\000e\000\040\000R\000e\000f\000e\000r\000e\000n\000c\000e}{chapter.6}% 14
\BOOKMARK [2][-]{subsection.6.1.1}{\376\377\0006\000.\0001\000.\0001\000\040\000D\000e\000t\000a\000i\000l\000e\000d\000\040\000D\000e\000s\000c\000r\000i\000p\000t\000i\000o\000n}{section.6.1}% 15
\BOOKMARK [1][-]{section.6.2}{\376\377\0006\000.\0002\000\040\000I\000V\000S\000\137\000p\000r\000o\000j\0002\000.\000P\000r\000o\000p\000e\000r\000t\000i\000e\000s\000\040\000N\000a\000m\000e\000s\000p\000a\000c\000e\000\040\000R\000e\000f\000e\000r\000e\000n\000c\000e}{chapter.6}% 16
\BOOKMARK [0][-]{chapter.7}{\376\377\0007\000\040\000C\000l\000a\000s\000s\000\040\000D\000o\000c\000u\000m\000e\000n\000t\000a\000t\000i\000o\000n}{}% 17
\BOOKMARK [1][-]{section.7.1}{\376\377\0007\000.\0001\000\040\000I\000V\000S\000\137\000p\000r\000o\000j\0002\000.\000F\000o\000r\000m\0001\000\040\000C\000l\000a\000s\000s\000\040\000R\000e\000f\000e\000r\000e\000n\000c\000e}{chapter.7}% 18
\BOOKMARK [2][-]{subsection.7.1.1}{\376\377\0007\000.\0001\000.\0001\000\040\000C\000o\000n\000s\000t\000r\000u\000c\000t\000o\000r\000\040\000\046\000\040\000D\000e\000s\000t\000r\000u\000c\000t\000o\000r\000\040\000D\000o\000c\000u\000m\000e\000n\000t\000a\000t\000i\000o\000n}{section.7.1}% 19
\BOOKMARK [3][-]{subsubsection.7.1.1.1}{\376\377\0007\000.\0001\000.\0001\000.\0001\000\040\000F\000o\000r\000m\0001\000\050\000\051}{subsection.7.1.1}% 20
\BOOKMARK [2][-]{subsection.7.1.2}{\376\377\0007\000.\0001\000.\0002\000\040\000M\000e\000m\000b\000e\000r\000\040\000F\000u\000n\000c\000t\000i\000o\000n\000\040\000D\000o\000c\000u\000m\000e\000n\000t\000a\000t\000i\000o\000n}{section.7.1}% 21
\BOOKMARK [3][-]{subsubsection.7.1.2.1}{\376\377\0007\000.\0001\000.\0002\000.\0001\000\040\000b\000u\000t\000t\000o\000n\000\137\0000\000\137\000C\000l\000i\000c\000k\000\050\000\051}{subsection.7.1.2}% 22
\BOOKMARK [3][-]{subsubsection.7.1.2.2}{\376\377\0007\000.\0001\000.\0002\000.\0002\000\040\000b\000u\000t\000t\000o\000n\000\137\0001\000\137\000C\000l\000i\000c\000k\000\050\000\051}{subsection.7.1.2}% 23
\BOOKMARK [3][-]{subsubsection.7.1.2.3}{\376\377\0007\000.\0001\000.\0002\000.\0003\000\040\000b\000u\000t\000t\000o\000n\000\137\0002\000\137\000C\000l\000i\000c\000k\000\050\000\051}{subsection.7.1.2}% 24
\BOOKMARK [3][-]{subsubsection.7.1.2.4}{\376\377\0007\000.\0001\000.\0002\000.\0004\000\040\000b\000u\000t\000t\000o\000n\000\137\0003\000\137\000C\000l\000i\000c\000k\000\050\000\051}{subsection.7.1.2}% 25
\BOOKMARK [3][-]{subsubsection.7.1.2.5}{\376\377\0007\000.\0001\000.\0002\000.\0005\000\040\000b\000u\000t\000t\000o\000n\000\137\0004\000\137\000C\000l\000i\000c\000k\000\050\000\051}{subsection.7.1.2}% 26
\BOOKMARK [3][-]{subsubsection.7.1.2.6}{\376\377\0007\000.\0001\000.\0002\000.\0006\000\040\000b\000u\000t\000t\000o\000n\000\137\0005\000\137\000C\000l\000i\000c\000k\000\050\000\051}{subsection.7.1.2}% 27
\BOOKMARK [3][-]{subsubsection.7.1.2.7}{\376\377\0007\000.\0001\000.\0002\000.\0007\000\040\000b\000u\000t\000t\000o\000n\000\137\0006\000\137\000C\000l\000i\000c\000k\000\050\000\051}{subsection.7.1.2}% 28
\BOOKMARK [3][-]{subsubsection.7.1.2.8}{\376\377\0007\000.\0001\000.\0002\000.\0008\000\040\000b\000u\000t\000t\000o\000n\000\137\0007\000\137\000C\000l\000i\000c\000k\000\050\000\051}{subsection.7.1.2}% 29
\BOOKMARK [3][-]{subsubsection.7.1.2.9}{\376\377\0007\000.\0001\000.\0002\000.\0009\000\040\000b\000u\000t\000t\000o\000n\000\137\0008\000\137\000C\000l\000i\000c\000k\000\050\000\051}{subsection.7.1.2}% 30
\BOOKMARK [3][-]{subsubsection.7.1.2.10}{\376\377\0007\000.\0001\000.\0002\000.\0001\0000\000\040\000b\000u\000t\000t\000o\000n\000\137\0009\000\137\000C\000l\000i\000c\000k\000\050\000\051}{subsection.7.1.2}% 31
\BOOKMARK [3][-]{subsubsection.7.1.2.11}{\376\377\0007\000.\0001\000.\0002\000.\0001\0001\000\040\000b\000u\000t\000t\000o\000n\000\137\000A\000b\000s\000o\000l\000u\000t\000e\000\137\000C\000l\000i\000c\000k\000\050\000\051}{subsection.7.1.2}% 32
\BOOKMARK [3][-]{subsubsection.7.1.2.12}{\376\377\0007\000.\0001\000.\0002\000.\0001\0002\000\040\000b\000u\000t\000t\000o\000n\000\137\000A\000d\000d\000\137\000C\000l\000i\000c\000k\000\050\000\051}{subsection.7.1.2}% 33
\BOOKMARK [3][-]{subsubsection.7.1.2.13}{\376\377\0007\000.\0001\000.\0002\000.\0001\0003\000\040\000b\000u\000t\000t\000o\000n\000\137\000C\000l\000e\000a\000r\000\137\000C\000l\000i\000c\000k\000\050\000\051}{subsection.7.1.2}% 34
\BOOKMARK [3][-]{subsubsection.7.1.2.14}{\376\377\0007\000.\0001\000.\0002\000.\0001\0004\000\040\000b\000u\000t\000t\000o\000n\000\137\000C\000l\000e\000a\000r\000\137\000E\000n\000t\000r\000y\000\137\000C\000l\000i\000c\000k\000\050\000\051}{subsection.7.1.2}% 35
\BOOKMARK [3][-]{subsubsection.7.1.2.15}{\376\377\0007\000.\0001\000.\0002\000.\0001\0005\000\040\000b\000u\000t\000t\000o\000n\000\137\000d\000e\000c\000i\000m\000a\000l\000\137\000C\000l\000i\000c\000k\000\050\000\051}{subsection.7.1.2}% 36
\BOOKMARK [3][-]{subsubsection.7.1.2.16}{\376\377\0007\000.\0001\000.\0002\000.\0001\0006\000\040\000b\000u\000t\000t\000o\000n\000\137\000D\000i\000v\000i\000d\000e\000\137\000C\000l\000i\000c\000k\000\050\000\051}{subsection.7.1.2}% 37
\BOOKMARK [3][-]{subsubsection.7.1.2.17}{\376\377\0007\000.\0001\000.\0002\000.\0001\0007\000\040\000b\000u\000t\000t\000o\000n\000\137\000F\000a\000c\000t\000o\000r\000i\000a\000l\000\137\000C\000l\000i\000c\000k\000\050\000\051}{subsection.7.1.2}% 38
\BOOKMARK [3][-]{subsubsection.7.1.2.18}{\376\377\0007\000.\0001\000.\0002\000.\0001\0008\000\040\000b\000u\000t\000t\000o\000n\000\137\000M\000u\000l\000t\000i\000p\000l\000y\000\137\000C\000l\000i\000c\000k\000\050\000\051}{subsection.7.1.2}% 39
\BOOKMARK [3][-]{subsubsection.7.1.2.19}{\376\377\0007\000.\0001\000.\0002\000.\0001\0009\000\040\000b\000u\000t\000t\000o\000n\000\137\000P\000o\000w\000e\000r\000\137\000C\000l\000i\000c\000k\000\050\000\051}{subsection.7.1.2}% 40
\BOOKMARK [3][-]{subsubsection.7.1.2.20}{\376\377\0007\000.\0001\000.\0002\000.\0002\0000\000\040\000b\000u\000t\000t\000o\000n\000\137\000R\000e\000s\000u\000l\000t\000\137\000C\000l\000i\000c\000k\000\050\000\051}{subsection.7.1.2}% 41
\BOOKMARK [3][-]{subsubsection.7.1.2.21}{\376\377\0007\000.\0001\000.\0002\000.\0002\0001\000\040\000b\000u\000t\000t\000o\000n\000\137\000S\000q\000u\000a\000r\000e\000\137\000R\000o\000o\000t\000\137\000C\000l\000i\000c\000k\000\050\000\051}{subsection.7.1.2}% 42
\BOOKMARK [3][-]{subsubsection.7.1.2.22}{\376\377\0007\000.\0001\000.\0002\000.\0002\0002\000\040\000b\000u\000t\000t\000o\000n\000\137\000S\000u\000b\000s\000t\000r\000a\000c\000t\000\137\000C\000l\000i\000c\000k\000\050\000\051}{subsection.7.1.2}% 43
\BOOKMARK [3][-]{subsubsection.7.1.2.23}{\376\377\0007\000.\0001\000.\0002\000.\0002\0003\000\040\000D\000i\000g\000i\000t\000B\000u\000t\000t\000o\000n\000\137\000C\000l\000i\000c\000k\000\050\000\051}{subsection.7.1.2}% 44
\BOOKMARK [3][-]{subsubsection.7.1.2.24}{\376\377\0007\000.\0001\000.\0002\000.\0002\0004\000\040\000D\000i\000s\000p\000o\000s\000e\000\050\000\051}{subsection.7.1.2}% 45
\BOOKMARK [3][-]{subsubsection.7.1.2.25}{\376\377\0007\000.\0001\000.\0002\000.\0002\0005\000\040\000F\000o\000r\000m\0001\000\137\000K\000e\000y\000D\000o\000w\000n\000\050\000\051}{subsection.7.1.2}% 46
\BOOKMARK [3][-]{subsubsection.7.1.2.26}{\376\377\0007\000.\0001\000.\0002\000.\0002\0006\000\040\000F\000o\000r\000m\0001\000\137\000L\000o\000a\000d\000\050\000\051}{subsection.7.1.2}% 47
\BOOKMARK [3][-]{subsubsection.7.1.2.27}{\376\377\0007\000.\0001\000.\0002\000.\0002\0007\000\040\000I\000n\000i\000t\000i\000a\000l\000i\000z\000e\000C\000o\000m\000p\000o\000n\000e\000n\000t\000\050\000\051}{subsection.7.1.2}% 48
\BOOKMARK [3][-]{subsubsection.7.1.2.28}{\376\377\0007\000.\0001\000.\0002\000.\0002\0008\000\040\000R\000i\000c\000h\000T\000e\000x\000t\000B\000o\000x\0001\000\137\000T\000e\000x\000t\000C\000h\000a\000n\000g\000e\000d\000\050\000\051}{subsection.7.1.2}% 49
\BOOKMARK [2][-]{subsection.7.1.3}{\376\377\0007\000.\0001\000.\0003\000\040\000M\000e\000m\000b\000e\000r\000\040\000D\000a\000t\000a\000\040\000D\000o\000c\000u\000m\000e\000n\000t\000a\000t\000i\000o\000n}{section.7.1}% 50
\BOOKMARK [3][-]{subsubsection.7.1.3.1}{\376\377\0007\000.\0001\000.\0003\000.\0001\000\040\000b\000u\000t\000t\000o\000n\000\137\0000}{subsection.7.1.3}% 51
\BOOKMARK [3][-]{subsubsection.7.1.3.2}{\376\377\0007\000.\0001\000.\0003\000.\0002\000\040\000b\000u\000t\000t\000o\000n\000\137\0001}{subsection.7.1.3}% 52
\BOOKMARK [3][-]{subsubsection.7.1.3.3}{\376\377\0007\000.\0001\000.\0003\000.\0003\000\040\000b\000u\000t\000t\000o\000n\000\137\0002}{subsection.7.1.3}% 53
\BOOKMARK [3][-]{subsubsection.7.1.3.4}{\376\377\0007\000.\0001\000.\0003\000.\0004\000\040\000b\000u\000t\000t\000o\000n\000\137\0003}{subsection.7.1.3}% 54
\BOOKMARK [3][-]{subsubsection.7.1.3.5}{\376\377\0007\000.\0001\000.\0003\000.\0005\000\040\000b\000u\000t\000t\000o\000n\000\137\0004}{subsection.7.1.3}% 55
\BOOKMARK [3][-]{subsubsection.7.1.3.6}{\376\377\0007\000.\0001\000.\0003\000.\0006\000\040\000b\000u\000t\000t\000o\000n\000\137\0005}{subsection.7.1.3}% 56
\BOOKMARK [3][-]{subsubsection.7.1.3.7}{\376\377\0007\000.\0001\000.\0003\000.\0007\000\040\000b\000u\000t\000t\000o\000n\000\137\0006}{subsection.7.1.3}% 57
\BOOKMARK [3][-]{subsubsection.7.1.3.8}{\376\377\0007\000.\0001\000.\0003\000.\0008\000\040\000b\000u\000t\000t\000o\000n\000\137\0007}{subsection.7.1.3}% 58
\BOOKMARK [3][-]{subsubsection.7.1.3.9}{\376\377\0007\000.\0001\000.\0003\000.\0009\000\040\000b\000u\000t\000t\000o\000n\000\137\0008}{subsection.7.1.3}% 59
\BOOKMARK [3][-]{subsubsection.7.1.3.10}{\376\377\0007\000.\0001\000.\0003\000.\0001\0000\000\040\000b\000u\000t\000t\000o\000n\000\137\0009}{subsection.7.1.3}% 60
\BOOKMARK [3][-]{subsubsection.7.1.3.11}{\376\377\0007\000.\0001\000.\0003\000.\0001\0001\000\040\000b\000u\000t\000t\000o\000n\000\137\000A\000b\000s\000o\000l\000u\000t\000e}{subsection.7.1.3}% 61
\BOOKMARK [3][-]{subsubsection.7.1.3.12}{\376\377\0007\000.\0001\000.\0003\000.\0001\0002\000\040\000b\000u\000t\000t\000o\000n\000\137\000A\000d\000d}{subsection.7.1.3}% 62
\BOOKMARK [3][-]{subsubsection.7.1.3.13}{\376\377\0007\000.\0001\000.\0003\000.\0001\0003\000\040\000b\000u\000t\000t\000o\000n\000\137\000C\000l\000e\000a\000r}{subsection.7.1.3}% 63
\BOOKMARK [3][-]{subsubsection.7.1.3.14}{\376\377\0007\000.\0001\000.\0003\000.\0001\0004\000\040\000b\000u\000t\000t\000o\000n\000\137\000C\000l\000e\000a\000r\000\137\000E\000n\000t\000r\000y}{subsection.7.1.3}% 64
\BOOKMARK [3][-]{subsubsection.7.1.3.15}{\376\377\0007\000.\0001\000.\0003\000.\0001\0005\000\040\000b\000u\000t\000t\000o\000n\000\137\000d\000e\000c\000i\000m\000a\000l}{subsection.7.1.3}% 65
\BOOKMARK [3][-]{subsubsection.7.1.3.16}{\376\377\0007\000.\0001\000.\0003\000.\0001\0006\000\040\000b\000u\000t\000t\000o\000n\000\137\000D\000i\000v\000i\000d\000e}{subsection.7.1.3}% 66
\BOOKMARK [3][-]{subsubsection.7.1.3.17}{\376\377\0007\000.\0001\000.\0003\000.\0001\0007\000\040\000b\000u\000t\000t\000o\000n\000\137\000F\000a\000c\000t\000o\000r\000i\000a\000l}{subsection.7.1.3}% 67
\BOOKMARK [3][-]{subsubsection.7.1.3.18}{\376\377\0007\000.\0001\000.\0003\000.\0001\0008\000\040\000b\000u\000t\000t\000o\000n\000\137\000M\000u\000l\000t\000i\000p\000l\000y}{subsection.7.1.3}% 68
\BOOKMARK [3][-]{subsubsection.7.1.3.19}{\376\377\0007\000.\0001\000.\0003\000.\0001\0009\000\040\000b\000u\000t\000t\000o\000n\000\137\000P\000o\000w\000e\000r}{subsection.7.1.3}% 69
\BOOKMARK [3][-]{subsubsection.7.1.3.20}{\376\377\0007\000.\0001\000.\0003\000.\0002\0000\000\040\000b\000u\000t\000t\000o\000n\000\137\000R\000e\000s\000u\000l\000t}{subsection.7.1.3}% 70
\BOOKMARK [3][-]{subsubsection.7.1.3.21}{\376\377\0007\000.\0001\000.\0003\000.\0002\0001\000\040\000b\000u\000t\000t\000o\000n\000\137\000S\000q\000u\000a\000r\000e\000\137\000R\000o\000o\000t}{subsection.7.1.3}% 71
\BOOKMARK [3][-]{subsubsection.7.1.3.22}{\376\377\0007\000.\0001\000.\0003\000.\0002\0002\000\040\000b\000u\000t\000t\000o\000n\000\137\000S\000u\000b\000s\000t\000r\000a\000c\000t}{subsection.7.1.3}% 72
\BOOKMARK [3][-]{subsubsection.7.1.3.23}{\376\377\0007\000.\0001\000.\0003\000.\0002\0003\000\040\000c\000o\000m\000p\000o\000n\000e\000n\000t\000s}{subsection.7.1.3}% 73
\BOOKMARK [3][-]{subsubsection.7.1.3.24}{\376\377\0007\000.\0001\000.\0003\000.\0002\0004\000\040\000o\000p\000e\000r\000a\000t\000i\000o\000n}{subsection.7.1.3}% 74
\BOOKMARK [3][-]{subsubsection.7.1.3.25}{\376\377\0007\000.\0001\000.\0003\000.\0002\0005\000\040\000o\000p\000e\000r\000a\000t\000i\000o\000n\000\137\000b\000u\000t\000t\000o\000n\000\137\000c\000l\000i\000c\000k\000e\000d}{subsection.7.1.3}% 75
\BOOKMARK [3][-]{subsubsection.7.1.3.26}{\376\377\0007\000.\0001\000.\0003\000.\0002\0006\000\040\000t\000e\000x\000t\000B\000o\000x\0001}{subsection.7.1.3}% 76
\BOOKMARK [3][-]{subsubsection.7.1.3.27}{\376\377\0007\000.\0001\000.\0003\000.\0002\0007\000\040\000t\000e\000x\000t\000B\000o\000x\0002}{subsection.7.1.3}% 77
\BOOKMARK [0][-]{chapter.8}{\376\377\0008\000\040\000F\000i\000l\000e\000\040\000D\000o\000c\000u\000m\000e\000n\000t\000a\000t\000i\000o\000n}{}% 78
\BOOKMARK [1][-]{section.8.1}{\376\377\0008\000.\0001\000\040\000F\000o\000r\000m\0001\000.\000c\000s\000\040\000F\000i\000l\000e\000\040\000R\000e\000f\000e\000r\000e\000n\000c\000e}{chapter.8}% 79
\BOOKMARK [1][-]{section.8.2}{\376\377\0008\000.\0002\000\040\000F\000o\000r\000m\0001\000.\000D\000e\000s\000i\000g\000n\000e\000r\000.\000c\000s\000\040\000F\000i\000l\000e\000\040\000R\000e\000f\000e\000r\000e\000n\000c\000e}{chapter.8}% 80
\BOOKMARK [1][-]{section.8.3}{\376\377\0008\000.\0003\000\040\000o\000b\000j\000/\000D\000e\000b\000u\000g\000/\000.\000N\000E\000T\000F\000r\000a\000m\000e\000w\000o\000r\000k\000,\000V\000e\000r\000s\000i\000o\000n\000=\000v\0004\000.\0007\000.\0002\000.\000A\000s\000s\000e\000m\000b\000l\000y\000A\000t\000t\000r\000i\000b\000u\000t\000e\000s\000.\000c\000s\000\040\000F\000i\000l\000e\000\040\000R\000e\000f\000e\000r\000e\000n\000c\000e}{chapter.8}% 81
\BOOKMARK [1][-]{section.8.4}{\376\377\0008\000.\0004\000\040\000P\000r\000o\000g\000r\000a\000m\000.\000c\000s\000\040\000F\000i\000l\000e\000\040\000R\000e\000f\000e\000r\000e\000n\000c\000e}{chapter.8}% 82
\BOOKMARK [1][-]{section.8.5}{\376\377\0008\000.\0005\000\040\000P\000r\000o\000p\000e\000r\000t\000i\000e\000s\000/\000A\000s\000s\000e\000m\000b\000l\000y\000I\000n\000f\000o\000.\000c\000s\000\040\000F\000i\000l\000e\000\040\000R\000e\000f\000e\000r\000e\000n\000c\000e}{chapter.8}% 83
\BOOKMARK [1][-]{section.8.6}{\376\377\0008\000.\0006\000\040\000P\000r\000o\000p\000e\000r\000t\000i\000e\000s\000/\000R\000e\000s\000o\000u\000r\000c\000e\000s\000.\000D\000e\000s\000i\000g\000n\000e\000r\000.\000c\000s\000\040\000F\000i\000l\000e\000\040\000R\000e\000f\000e\000r\000e\000n\000c\000e}{chapter.8}% 84
\BOOKMARK [1][-]{section.8.7}{\376\377\0008\000.\0007\000\040\000P\000r\000o\000p\000e\000r\000t\000i\000e\000s\000/\000S\000e\000t\000t\000i\000n\000g\000s\000.\000D\000e\000s\000i\000g\000n\000e\000r\000.\000c\000s\000\040\000F\000i\000l\000e\000\040\000R\000e\000f\000e\000r\000e\000n\000c\000e}{chapter.8}% 85
\BOOKMARK [1][-]{section.8.8}{\376\377\0008\000.\0008\000\040\000R\000E\000A\000D\000M\000E\000.\000m\000d\000\040\000F\000i\000l\000e\000\040\000R\000e\000f\000e\000r\000e\000n\000c\000e}{chapter.8}% 86
\BOOKMARK [0][-]{section*.19}{\376\377\000I\000n\000d\000e\000x}{}% 87
